<?xml version="1.0" encoding="UTF-8"?>
<!-- Generated by org.testng.reporters.JUnitXMLReporter -->
<testsuite ignored="0" hostname="Narottam_Kumar" failures="0" tests="12" name="crm" time="208.878" errors="0" timestamp="2023-09-07T22:20:03 IST">
  <testcase classname="com.qa.crm.testcase.loginPageTestCase" name="verifyPageTitle" time="0.01"/>
  <testcase classname="com.qa.crm.testcase.loginPageTestCase" name="verifyLogin" time="0.56"/>
  <testcase classname="com.qa.crm.testcase.dashboardTestCase" name="verifyUserName" time="1.812"/>
  <testcase classname="com.qa.crm.testcase.dashboardTestCase" name="verifyHomePage" time="1.93"/>
  <testcase classname="com.qa.crm.testcase.dashboardTestCase" name="verifyCompanyPageMove" time="6.272"/>
  <testcase classname="com.qa.crm.testcase.contactTestCase" name="verifyContactPageName" time="0.044"/>
  <testcase classname="com.qa.crm.testcase.contactTestCase" name="verifyCreateContact" time="3.351"/>
  <testcase classname="com.qa.crm.testcase.companyTestCase" name="checkPageName" time="0.029"/>
  <testcase classname="com.qa.crm.testcase.companyTestCase" name="verifyClickCreateButton" time="0.355"/>
  <testcase classname="com.qa.crm.testcase.companyTestCase" name="verifyCreateNewCompany" time="6.352"/>
  <testcase classname="com.qa.crm.testcase.companyTestCase" name="verifyCreateNewCompany" time="6.407"/>
  <testcase classname="com.qa.crm.testcase.companyTestCase" name="verifyCreateNewCompany" time="6.74"/>
</testsuite> <!-- crm -->
