<?xml version="1.0" encoding="UTF-8"?>
<!-- Generated by org.testng.reporters.JUnitXMLReporter -->
<testsuite ignored="0" hostname="Narottam_Kumar" failures="0" tests="12" name="Test" time="175.924" errors="0" timestamp="2023-09-07T20:55:24 IST">
  <testcase classname="com.qa.crm.testcase.loginPageTestCase" name="verifyPageTitle" time="0.029"/>
  <testcase classname="com.qa.crm.testcase.loginPageTestCase" name="verifyLogin" time="0.468"/>
  <testcase classname="com.qa.crm.testcase.dashboardTestCase" name="verifyUserName" time="1.802"/>
  <testcase classname="com.qa.crm.testcase.dashboardTestCase" name="verifyHomePage" time="1.693"/>
  <testcase classname="com.qa.crm.testcase.dashboardTestCase" name="verifyCompanyPageMove" time="6.242"/>
  <testcase classname="com.qa.crm.testcase.contactTestCase" name="verifyContactPageName" time="0.032"/>
  <testcase classname="com.qa.crm.testcase.contactTestCase" name="verifyCreateContact" time="3.038"/>
  <testcase classname="com.qa.crm.testcase.companyTestCase" name="checkPageName" time="0.026"/>
  <testcase classname="com.qa.crm.testcase.companyTestCase" name="verifyClickCreateButton" time="0.305"/>
  <testcase classname="com.qa.crm.testcase.companyTestCase" name="verifyCreateNewCompany" time="6.194"/>
  <testcase classname="com.qa.crm.testcase.companyTestCase" name="verifyCreateNewCompany" time="6.18"/>
  <testcase classname="com.qa.crm.testcase.companyTestCase" name="verifyCreateNewCompany" time="6.22"/>
</testsuite> <!-- Test -->
