<?xml version="1.0" encoding="UTF-8"?>
<!-- Generated by org.testng.reporters.JUnitXMLReporter -->
<testsuite ignored="1" hostname="Narottam_Kumar" failures="0" tests="3" name="Test" time="0.05" errors="0" timestamp="2023-07-23T22:25:50 IST">
  <testcase classname="Selenium_Script.TestNG_Group2" name="SignUp" time="0.007"/>
  <testcase classname="Selenium_Script.TestNG_Group2" name="LoginGmail" time="0.001"/>
  <testcase classname="Selenium_Script.TestNG_Group2" name="ComposeMail" time="0.0"/>
  <testcase classname="Selenium_Script.TestNG_Group2" name="VerifyTitle" time="0.0">
    <ignored/>
  </testcase> <!-- VerifyTitle -->
</testsuite> <!-- Test -->
