<?xml version="1.0" encoding="UTF-8"?>
<testng-results ignored="0" total="2" passed="2" failed="0" skipped="0">
  <reporter-output>
  </reporter-output>
  <suite started-at="2023-10-17T01:56:13 IST" name="Default suite" finished-at="2023-10-17T01:56:48 IST" duration-ms="34905">
    <groups>
    </groups>
    <test started-at="2023-10-17T01:56:13 IST" name="Default test" finished-at="2023-10-17T01:56:48 IST" duration-ms="34905">
      <class name="com.qa.crm.testcase.loginPageTestCase">
        <test-method is-config="true" signature="setUp()[pri:0, instance:com.qa.crm.testcase.loginPageTestCase@2c35e847]" started-at="2023-10-17T01:56:13 IST" name="setUp" finished-at="2023-10-17T01:56:32 IST" duration-ms="19103" status="PASS">
          <reporter-output>
          </reporter-output>
        </test-method> <!-- setUp -->
        <test-method signature="verifyPageTitle()[pri:1, instance:com.qa.crm.testcase.loginPageTestCase@2c35e847]" started-at="2023-10-17T01:56:32 IST" name="verifyPageTitle" finished-at="2023-10-17T01:56:32 IST" duration-ms="25" status="PASS">
          <reporter-output>
          </reporter-output>
        </test-method> <!-- verifyPageTitle -->
        <test-method is-config="true" signature="closeBrowser()[pri:0, instance:com.qa.crm.testcase.loginPageTestCase@2c35e847]" started-at="2023-10-17T01:56:32 IST" name="closeBrowser" finished-at="2023-10-17T01:56:34 IST" duration-ms="1420" status="PASS">
          <reporter-output>
          </reporter-output>
        </test-method> <!-- closeBrowser -->
        <test-method is-config="true" signature="setUp()[pri:0, instance:com.qa.crm.testcase.loginPageTestCase@2c35e847]" started-at="2023-10-17T01:56:34 IST" name="setUp" finished-at="2023-10-17T01:56:46 IST" duration-ms="12449" status="PASS">
          <reporter-output>
          </reporter-output>
        </test-method> <!-- setUp -->
        <test-method signature="verifyLogin()[pri:2, instance:com.qa.crm.testcase.loginPageTestCase@2c35e847]" started-at="2023-10-17T01:56:46 IST" name="verifyLogin" finished-at="2023-10-17T01:56:47 IST" duration-ms="527" status="PASS">
          <reporter-output>
          </reporter-output>
        </test-method> <!-- verifyLogin -->
        <test-method is-config="true" signature="closeBrowser()[pri:0, instance:com.qa.crm.testcase.loginPageTestCase@2c35e847]" started-at="2023-10-17T01:56:47 IST" name="closeBrowser" finished-at="2023-10-17T01:56:48 IST" duration-ms="1343" status="PASS">
          <reporter-output>
          </reporter-output>
        </test-method> <!-- closeBrowser -->
      </class> <!-- com.qa.crm.testcase.loginPageTestCase -->
    </test> <!-- Default test -->
  </suite> <!-- Default suite -->
</testng-results>
